<?xml version="1.0" encoding="UTF-8"?>
<!-- Generated by org.testng.reporters.JUnitXMLReporter -->
<testsuite ignored="0" hostname="NTB-257" failures="2" tests="5" name="ErrorValidations" time="28.072" errors="0" timestamp="2022-11-24T15:08:37 CET">
  <testcase classname="Academy.Tests.ErrorValidationsTCPO" name="loginWrongCredentialsTestCase" time="1.898"/>
  <testcase classname="Academy.Tests.ErrorValidationsTCPO" name="loginWrongUsernameDisplayedTestCase" time="1.484">
    <skipped/>
  </testcase> <!-- loginWrongUsernameDisplayedTestCase -->
  <testcase classname="Academy.Tests.ErrorValidationsTCPO" name="loginWrongUsernameDisplayedTestCase" time="1.592">
    <failure type="java.lang.AssertionError" message="did not expect [JovanK] but found [JovanK]">
      <![CDATA[java.lang.AssertionError: did not expect [JovanK] but found [JovanK]
at Academy.Tests.ErrorValidationsTCPO.loginWrongUsernameDisplayedTestCase(ErrorValidationsTCPO.java:68)
at java.base/java.util.ArrayList.forEach(ArrayList.java:1541)
at java.base/java.util.concurrent.FutureTask.run(FutureTask.java:264)
at java.base/java.util.concurrent.ThreadPoolExecutor.runWorker(ThreadPoolExecutor.java:1128)
at java.base/java.util.concurrent.ThreadPoolExecutor$Worker.run(ThreadPoolExecutor.java:628)
at java.base/java.lang.Thread.run(Thread.java:834)
... Removed 22 stack frames]]>
    </failure>
  </testcase> <!-- loginWrongUsernameDisplayedTestCase -->
  <testcase classname="Academy.Tests.ErrorValidationsTCPO" name="loginWrongUsernameDisplayedTestCaseTransformer" time="1.558">
    <skipped/>
  </testcase> <!-- loginWrongUsernameDisplayedTestCaseTransformer -->
  <testcase classname="Academy.Tests.ErrorValidationsTCPO" name="loginWrongUsernameDisplayedTestCaseTransformer" time="1.522">
    <failure type="java.lang.AssertionError" message="did not expect [JovanK] but found [JovanK]">
      <![CDATA[java.lang.AssertionError: did not expect [JovanK] but found [JovanK]
at Academy.Tests.ErrorValidationsTCPO.loginWrongUsernameDisplayedTestCaseTransformer(ErrorValidationsTCPO.java:94)
at java.base/java.util.ArrayList.forEach(ArrayList.java:1541)
at java.base/java.util.concurrent.FutureTask.run(FutureTask.java:264)
at java.base/java.util.concurrent.ThreadPoolExecutor.runWorker(ThreadPoolExecutor.java:1128)
at java.base/java.util.concurrent.ThreadPoolExecutor$Worker.run(ThreadPoolExecutor.java:628)
at java.base/java.lang.Thread.run(Thread.java:834)
... Removed 22 stack frames]]>
    </failure>
  </testcase> <!-- loginWrongUsernameDisplayedTestCaseTransformer -->
</testsuite> <!-- ErrorValidations -->
