<?xml version="1.0" encoding="UTF-8"?>
<testng-results ignored="0" total="2" passed="1" failed="1" skipped="0">
  <reporter-output>
  </reporter-output>
  <suite started-at="2022-11-24T15:13:56 CET" name="Surefire suite" finished-at="2022-11-24T15:14:10 CET" duration-ms="13797">
    <groups>
      <group name="cucumber">
        <method signature="AbstractTestNGCucumberTests.runScenario(io.cucumber.testng.PickleWrapper,io.cucumber.testng.FeatureWrapper)[pri:0, instance:Academy.Cucumber.TestNGTestRunner@306e95ec]" name="runScenario" class="io.cucumber.testng.AbstractTestNGCucumberTests"/>
      </group> <!-- cucumber -->
    </groups>
    <test started-at="2022-11-24T15:13:56 CET" name="Surefire test" finished-at="2022-11-24T15:14:10 CET" duration-ms="13797">
      <class name="Academy.Cucumber.TestNGTestRunner">
        <test-method is-config="true" signature="setUpClass(org.testng.ITestContext)[pri:0, instance:Academy.Cucumber.TestNGTestRunner@306e95ec]" started-at="2022-11-24T15:13:56 CET" name="setUpClass" finished-at="2022-11-24T15:13:57 CET" duration-ms="1071" status="PASS">
          <params>
            <param index="0">
              <value>
                <![CDATA[org.testng.TestRunner@db99785]]>
              </value>
            </param>
          </params>
          <reporter-output>
          </reporter-output>
        </test-method> <!-- setUpClass -->
        <test-method signature="runScenario(io.cucumber.testng.PickleWrapper,io.cucumber.testng.FeatureWrapper)[pri:0, instance:Academy.Cucumber.TestNGTestRunner@306e95ec]" started-at="2022-11-24T15:13:57 CET" name="runScenario" description="Runs Cucumber Scenarios" data-provider="scenarios" finished-at="2022-11-24T15:14:05 CET" duration-ms="8052" status="PASS">
          <params>
            <param index="0">
              <value>
                <![CDATA["Error message is displayed when a wrong username and/or password is used"]]>
              </value>
            </param>
            <param index="1">
              <value>
                <![CDATA["Validate all the Errors related to the Login"]]>
              </value>
            </param>
          </params>
          <reporter-output>
          </reporter-output>
        </test-method> <!-- runScenario -->
        <test-method signature="runScenario(io.cucumber.testng.PickleWrapper,io.cucumber.testng.FeatureWrapper)[pri:0, instance:Academy.Cucumber.TestNGTestRunner@306e95ec]" started-at="2022-11-24T15:14:05 CET" name="runScenario" description="Runs Cucumber Scenarios" data-provider="scenarios" finished-at="2022-11-24T15:14:09 CET" duration-ms="4518" status="FAIL">
          <params>
            <param index="0">
              <value>
                <![CDATA["Wrong username is displayed"]]>
              </value>
            </param>
            <param index="1">
              <value>
                <![CDATA["Validate all the Errors related to the Login"]]>
              </value>
            </param>
          </params>
          <exception class="java.lang.AssertionError">
            <message>
              <![CDATA[did not expect [JovanK] but found [JovanK]]]>
            </message>
            <full-stacktrace>
              <![CDATA[java.lang.AssertionError: did not expect [JovanK] but found [JovanK]
at org.testng.Assert.fail(Assert.java:110)
at org.testng.Assert.failEquals(Assert.java:1417)
at org.testng.Assert.assertNotEqualsImpl(Assert.java:156)
at org.testng.Assert.assertNotEquals(Assert.java:2033)
at org.testng.Assert.assertNotEquals(Assert.java:2055)
at Academy.StepDefinitions.StepDefinition.verify_that_the_users_is_not_as_expected(StepDefinition.java:145)
at âœ½.Verify that the user's JovanK is not as expected(file:///C:/Users/joko2909/SeleniumTraining/Toma14112022/src/test/java/Academy/Cucumber/ErrorValidations.feature:24)
]]>
            </full-stacktrace>
          </exception> <!-- java.lang.AssertionError -->
          <reporter-output>
          </reporter-output>
        </test-method> <!-- runScenario -->
        <test-method is-config="true" signature="tearDownClass()[pri:0, instance:Academy.Cucumber.TestNGTestRunner@306e95ec]" started-at="2022-11-24T15:14:09 CET" name="tearDownClass" finished-at="2022-11-24T15:14:10 CET" duration-ms="58" status="PASS">
          <reporter-output>
          </reporter-output>
        </test-method> <!-- tearDownClass -->
      </class> <!-- Academy.Cucumber.TestNGTestRunner -->
    </test> <!-- Surefire test -->
  </suite> <!-- Surefire suite -->
</testng-results>
