<html>
<head>
<title>TestNG:  Default test</title>
<link href="../testng.css" rel="stylesheet" type="text/css" />
<link href="../my-testng.css" rel="stylesheet" type="text/css" />

<style type="text/css">
.log { display: none;} 
.stack-trace { display: none;} 
</style>
<script type="text/javascript">
<!--
function flip(e) {
  current = e.style.display;
  if (current == 'block') {
    e.style.display = 'none';
    return 0;
  }
  else {
    e.style.display = 'block';
    return 1;
  }
}

function toggleBox(szDivId, elem, msg1, msg2)
{
  var res = -1;  if (document.getElementById) {
    res = flip(document.getElementById(szDivId));
  }
  else if (document.all) {
    // this is the way old msie versions work
    res = flip(document.all[szDivId]);
  }
  if(elem) {
    if(res == 0) elem.innerHTML = msg1; else elem.innerHTML = msg2;
  }

}

function toggleAllBoxes() {
  if (document.getElementsByTagName) {
    d = document.getElementsByTagName('div');
    for (i = 0; i < d.length; i++) {
      if (d[i].className == 'log') {
        flip(d[i]);
      }
    }
  }
}

// -->
</script>

</head>
<body>
<h2 align='center'>Default test</h2><table border='1' align="center">
<tr>
<td>Tests passed/Failed/Skipped:</td><td>1/1/0</td>
</tr><tr>
<td>Started on:</td><td>Thu Nov 24 14:58:32 CET 2022</td>
</tr>
<tr><td>Total time:</td><td>30 seconds (30905 ms)</td>
</tr><tr>
<td>Included groups:</td><td></td>
</tr><tr>
<td>Excluded groups:</td><td></td>
</tr>
</table><p/>
<small><i>(Hover the method name to see the test class name)</i></small><p/>
<table width='100%' border='1' class='invocation-failed'>
<tr><td colspan='4' align='center'><b>FAILED TESTS</b></td></tr>
<tr><td><b>Test method</b></td>
<td><b>Attribute(s)</b></td>
<td width="30%"><b>Exception</b></td>
<td width="10%"><b>Time (seconds)</b></td>
<td><b>Instance</b></td>
</tr>
<tr>
<td title='Academy.Cucumber.TestNGTestRunner.runScenario()'><b>runScenario</b><br>Test class: Academy.Cucumber.TestNGTestRunner<br>Test method: Runs Cucumber Scenarios<br>Parameters: "Wrong username is displayed", "Validate all the Errors related to the Login"</td>
<td><div><pre>java.lang.AssertionError: did not expect [JovanK] but found [JovanK]
	at org.testng.Assert.fail(Assert.java:110)
	at org.testng.Assert.failEquals(Assert.java:1417)
	at org.testng.Assert.assertNotEqualsImpl(Assert.java:156)
	at org.testng.Assert.assertNotEquals(Assert.java:2033)
	at org.testng.Assert.assertNotEquals(Assert.java:2055)
	at Academy.StepDefinitions.StepDefinition.verify_that_the_users_is_not_as_expected(StepDefinition.java:145)
	at ✽.Verify that the user&apos;s JovanK is not as expected(file:///C:/Users/joko2909/SeleniumTraining/Toma14112022/src/test/java/Academy/Cucumber/ErrorValidations.feature:24)
</pre></div><a href='#' onClick='toggleBox("stack-trace1772797104", this, "Click to show all stack frames", "Click to hide stack frames")'>Click to show all stack frames</a>
<div class='stack-trace' id='stack-trace1772797104'><pre>java.lang.AssertionError: did not expect [JovanK] but found [JovanK]
	at org.testng.Assert.fail(Assert.java:110)
	at org.testng.Assert.failEquals(Assert.java:1417)
	at org.testng.Assert.assertNotEqualsImpl(Assert.java:156)
	at org.testng.Assert.assertNotEquals(Assert.java:2033)
	at org.testng.Assert.assertNotEquals(Assert.java:2055)
	at Academy.StepDefinitions.StepDefinition.verify_that_the_users_is_not_as_expected(StepDefinition.java:145)
	at ✽.Verify that the user&apos;s JovanK is not as expected(file:///C:/Users/joko2909/SeleniumTraining/Toma14112022/src/test/java/Academy/Cucumber/ErrorValidations.feature:24)
</pre></div></td>
<td>5</td>
<td>Academy.Cucumber.TestNGTestRunner@cecf639</td></tr>
</table><p>
<table width='100%' border='1' class='invocation-passed'>
<tr><td colspan='4' align='center'><b>PASSED TESTS</b></td></tr>
<tr><td><b>Test method</b></td>
<td><b>Attribute(s)</b></td>
<td width="30%"><b>Exception</b></td>
<td width="10%"><b>Time (seconds)</b></td>
<td><b>Instance</b></td>
</tr>
<tr>
<td title='Academy.Cucumber.TestNGTestRunner.runScenario()'><b>runScenario</b><br>Test class: Academy.Cucumber.TestNGTestRunner<br>Test method: Runs Cucumber Scenarios<br>Parameters: "Error message is displayed when a wrong username and/or password is used", "Validate all the Errors related to the Login"</td>
<td></td>
<td>24</td>
<td>Academy.Cucumber.TestNGTestRunner@cecf639</td></tr>
</table><p>
</body>
</html>